<?xml version="1.0" encoding="UTF-8"?>
<testng-results ignored="0" total="1" passed="1" failed="0" skipped="0">
  <reporter-output>
  </reporter-output>
  <suite started-at="2024-07-28T22:51:39 AST" name="Default suite" finished-at="2024-07-28T22:51:57 AST" duration-ms="18322">
    <groups>
    </groups>
    <test started-at="2024-07-28T22:51:39 AST" name="Default test" finished-at="2024-07-28T22:51:57 AST" duration-ms="18322">
      <class name="firstProjectAutomationJuly.Myfirsttest">
        <test-method is-config="true" signature="mysetup()[pri:0, instance:firstProjectAutomationJuly.Myfirsttest@44c79f32]" started-at="2024-07-28T22:51:39 AST" name="mysetup" finished-at="2024-07-28T22:51:44 AST" duration-ms="4910" status="PASS">
          <reporter-output>
          </reporter-output>
        </test-method> <!-- mysetup -->
        <test-method signature="myfirsttest()[pri:0, instance:firstProjectAutomationJuly.Myfirsttest@44c79f32]" started-at="2024-07-28T22:51:44 AST" name="myfirsttest" finished-at="2024-07-28T22:51:57 AST" duration-ms="13374" status="PASS">
          <reporter-output>
          </reporter-output>
        </test-method> <!-- myfirsttest -->
      </class> <!-- firstProjectAutomationJuly.Myfirsttest -->
    </test> <!-- Default test -->
  </suite> <!-- Default suite -->
</testng-results>
