<?xml version="1.0" encoding="UTF-8"?>
<!-- Generated by org.testng.reporters.JUnitXMLReporter -->
<testsuite ignored="0" hostname="DESKTOP-6SEV4V9" failures="0" tests="11" name="Default test" time="31.316" errors="0" timestamp="2024-08-20T22:54:50 AST">
  <testcase classname="almosaferLastSeleniumTest.almosaferTest" name="checkifEnglishLanguage" time="0.048"/>
  <testcase classname="almosaferLastSeleniumTest.almosaferTest" name="checkifcurrencySAR" time="0.04"/>
  <testcase classname="almosaferLastSeleniumTest.almosaferTest" name="checkifCorrectPhone" time="0.06"/>
  <testcase classname="almosaferLastSeleniumTest.almosaferTest" name="checkQitafLogo" time="0.035"/>
  <testcase classname="almosaferLastSeleniumTest.almosaferTest" name="checkifHotelSelected" time="0.033"/>
  <testcase classname="almosaferLastSeleniumTest.almosaferTest" name="checkDepartureAndReturnDate" time="0.044"/>
  <testcase classname="almosaferLastSeleniumTest.almosaferTest" name="changeURL" time="1.616"/>
  <testcase classname="almosaferLastSeleniumTest.almosaferTest" name="searchSection" time="0.956"/>
  <testcase classname="almosaferLastSeleniumTest.almosaferTest" name="numberOfVisitors" time="6.094"/>
  <testcase classname="almosaferLastSeleniumTest.almosaferTest" name="assertOfREsult" time="12.738"/>
  <testcase classname="almosaferLastSeleniumTest.almosaferTest" name="lowestHotelPrice" time="1.716"/>
</testsuite> <!-- Default test -->
