<?xml version="1.0" encoding="UTF-8"?>
<!-- Generated by org.testng.reporters.JUnitXMLReporter -->
<testsuite ignored="0" hostname="DESKTOP-6SEV4V9" failures="0" tests="11" name="Default test" time="36.829" errors="0" timestamp="2024-08-19T22:40:27 AST">
  <testcase classname="almosaferLastSeleniumTest.almosaferTest" name="checkifEnglishLanguage" time="0.045"/>
  <testcase classname="almosaferLastSeleniumTest.almosaferTest" name="checkifcurrencySAR" time="0.038"/>
  <testcase classname="almosaferLastSeleniumTest.almosaferTest" name="checkifCorrectPhone" time="0.031"/>
  <testcase classname="almosaferLastSeleniumTest.almosaferTest" name="checkQitafLogo" time="0.046"/>
  <testcase classname="almosaferLastSeleniumTest.almosaferTest" name="checkifHotelSelected" time="0.029"/>
  <testcase classname="almosaferLastSeleniumTest.almosaferTest" name="checkDepartureAndReturnDate" time="0.194"/>
  <testcase classname="almosaferLastSeleniumTest.almosaferTest" name="changeURL" time="2.427"/>
  <testcase classname="almosaferLastSeleniumTest.almosaferTest" name="searchSection" time="0.567"/>
  <testcase classname="almosaferLastSeleniumTest.almosaferTest" name="numberOfVisitors" time="9.357"/>
  <testcase classname="almosaferLastSeleniumTest.almosaferTest" name="assertOfREsult" time="12.503"/>
  <testcase classname="almosaferLastSeleniumTest.almosaferTest" name="lowestHotelPrice" time="1.632"/>
</testsuite> <!-- Default test -->
