<?xml version="1.0" encoding="UTF-8"?>
<testng-results ignored="0" total="4" passed="4" failed="0" skipped="0">
  <reporter-output>
  </reporter-output>
  <suite started-at="2024-08-14T21:17:09 AST" name="Default suite" finished-at="2024-08-14T21:17:19 AST" duration-ms="9959">
    <groups>
    </groups>
    <test started-at="2024-08-14T21:17:09 AST" name="Default test" finished-at="2024-08-14T21:17:19 AST" duration-ms="9959">
      <class name="almosaferLastSeleniumTest.almosaferTest">
        <test-method is-config="true" signature="mySetup()[pri:0, instance:almosaferLastSeleniumTest.almosaferTest@c7a975a]" started-at="2024-08-14T21:17:09 AST" name="mySetup" finished-at="2024-08-14T21:17:19 AST" duration-ms="9724" status="PASS">
          <reporter-output>
          </reporter-output>
        </test-method> <!-- mySetup -->
        <test-method signature="checkifEnglishLanguage()[pri:1, instance:almosaferLastSeleniumTest.almosaferTest@c7a975a]" started-at="2024-08-14T21:17:19 AST" name="checkifEnglishLanguage" finished-at="2024-08-14T21:17:19 AST" duration-ms="65" status="PASS">
          <reporter-output>
          </reporter-output>
        </test-method> <!-- checkifEnglishLanguage -->
        <test-method signature="checkifcurrencySAR()[pri:2, instance:almosaferLastSeleniumTest.almosaferTest@c7a975a]" started-at="2024-08-14T21:17:19 AST" name="checkifcurrencySAR" finished-at="2024-08-14T21:17:19 AST" duration-ms="39" status="PASS">
          <reporter-output>
          </reporter-output>
        </test-method> <!-- checkifcurrencySAR -->
        <test-method signature="checkifCorrectPhone()[pri:3, instance:almosaferLastSeleniumTest.almosaferTest@c7a975a]" started-at="2024-08-14T21:17:19 AST" name="checkifCorrectPhone" finished-at="2024-08-14T21:17:19 AST" duration-ms="32" status="PASS">
          <reporter-output>
          </reporter-output>
        </test-method> <!-- checkifCorrectPhone -->
        <test-method signature="checkQitafLogo()[pri:4, instance:almosaferLastSeleniumTest.almosaferTest@c7a975a]" started-at="2024-08-14T21:17:19 AST" name="checkQitafLogo" finished-at="2024-08-14T21:17:19 AST" duration-ms="47" status="PASS">
          <reporter-output>
          </reporter-output>
        </test-method> <!-- checkQitafLogo -->
      </class> <!-- almosaferLastSeleniumTest.almosaferTest -->
    </test> <!-- Default test -->
  </suite> <!-- Default suite -->
</testng-results>
