<?xml version="1.0" encoding="UTF-8"?>
<testng-results ignored="0" total="2" passed="2" failed="0" skipped="0">
  <reporter-output>
  </reporter-output>
  <suite started-at="2024-08-01T13:37:00 AST" name="Default suite" finished-at="2024-08-01T13:37:05 AST" duration-ms="4584">
    <groups>
    </groups>
    <test started-at="2024-08-01T13:37:00 AST" name="Default test" finished-at="2024-08-01T13:37:05 AST" duration-ms="4584">
      <class name="secondTestAutomation.myLoginTestCases">
        <test-method is-config="true" signature="mysetup()[pri:0, instance:secondTestAutomation.myLoginTestCases@44c79f32]" started-at="2024-08-01T13:37:00 AST" name="mysetup" finished-at="2024-08-01T13:37:04 AST" duration-ms="3727" status="PASS">
          <reporter-output>
          </reporter-output>
        </test-method> <!-- mysetup -->
        <test-method signature="loginTest()[pri:1, instance:secondTestAutomation.myLoginTestCases@44c79f32]" started-at="2024-08-01T13:37:04 AST" name="loginTest" finished-at="2024-08-01T13:37:04 AST" duration-ms="494" status="PASS">
          <reporter-output>
          </reporter-output>
        </test-method> <!-- loginTest -->
        <test-method signature="addToCardItemes()[pri:2, instance:secondTestAutomation.myLoginTestCases@44c79f32]" started-at="2024-08-01T13:37:04 AST" name="addToCardItemes" finished-at="2024-08-01T13:37:05 AST" duration-ms="307" status="PASS">
          <reporter-output>
          </reporter-output>
        </test-method> <!-- addToCardItemes -->
      </class> <!-- secondTestAutomation.myLoginTestCases -->
    </test> <!-- Default test -->
  </suite> <!-- Default suite -->
</testng-results>
